0 info it worked if it ends with ok
1 verbose cli [ '/usr/local/bin/node', '/usr/local/bin/npm', 'run', 'local' ]
2 info using npm@3.10.9
3 info using node@v6.9.2
4 verbose run-script [ 'prelocal', 'local', 'postlocal' ]
5 info lifecycle admin@1.0.0~prelocal: admin@1.0.0
6 silly lifecycle admin@1.0.0~prelocal: no script for prelocal, continuing
7 info lifecycle admin@1.0.0~local: admin@1.0.0
8 verbose lifecycle admin@1.0.0~local: unsafe-perm in lifecycle true
9 verbose lifecycle admin@1.0.0~local: PATH: /usr/local/lib/node_modules/npm/bin/node-gyp-bin:/Applications/MAMP/htdocs/own/node/admin/node_modules/.bin:/Applications/MAMP/bin/php/php5.6.10/bin:/usr/local/bin:/usr/bin:/bin:/usr/sbin:/sbin
10 verbose lifecycle admin@1.0.0~local: CWD: /Applications/MAMP/htdocs/own/node/admin
11 silly lifecycle admin@1.0.0~local: Args: [ '-c', 'webpack-dev-server  --progress --content app' ]
12 silly lifecycle admin@1.0.0~local: Returned: code: 1  signal: null
13 info lifecycle admin@1.0.0~local: Failed to exec local script
14 verbose stack Error: admin@1.0.0 local: `webpack-dev-server  --progress --content app`
14 verbose stack Exit status 1
14 verbose stack     at EventEmitter.<anonymous> (/usr/local/lib/node_modules/npm/lib/utils/lifecycle.js:255:16)
14 verbose stack     at emitTwo (events.js:106:13)
14 verbose stack     at EventEmitter.emit (events.js:191:7)
14 verbose stack     at ChildProcess.<anonymous> (/usr/local/lib/node_modules/npm/lib/utils/spawn.js:40:14)
14 verbose stack     at emitTwo (events.js:106:13)
14 verbose stack     at ChildProcess.emit (events.js:191:7)
14 verbose stack     at maybeClose (internal/child_process.js:877:16)
14 verbose stack     at Process.ChildProcess._handle.onexit (internal/child_process.js:226:5)
15 verbose pkgid admin@1.0.0
16 verbose cwd /Applications/MAMP/htdocs/own/node/admin
17 error Darwin 16.0.0
18 error argv "/usr/local/bin/node" "/usr/local/bin/npm" "run" "local"
19 error node v6.9.2
20 error npm  v3.10.9
21 error code ELIFECYCLE
22 error admin@1.0.0 local: `webpack-dev-server  --progress --content app`
22 error Exit status 1
23 error Failed at the admin@1.0.0 local script 'webpack-dev-server  --progress --content app'.
23 error Make sure you have the latest version of node.js and npm installed.
23 error If you do, this is most likely a problem with the admin package,
23 error not with npm itself.
23 error Tell the author that this fails on your system:
23 error     webpack-dev-server  --progress --content app
23 error You can get information on how to open an issue for this project with:
23 error     npm bugs admin
23 error Or if that isn't available, you can get their info via:
23 error     npm owner ls admin
23 error There is likely additional logging output above.
24 verbose exit [ 1, true ]
